<?xml version="1.0" encoding="UTF-8"?>
<testng-results ignored="0" total="3" passed="3" failed="0" skipped="0">
  <reporter-output>
  </reporter-output>
  <suite started-at="2023-04-13T16:10:19 SAST" name="Default suite" finished-at="2023-04-13T16:10:24 SAST" duration-ms="5005">
    <groups>
    </groups>
    <test started-at="2023-04-13T16:10:19 SAST" name="Default test" finished-at="2023-04-13T16:10:24 SAST" duration-ms="5005">
      <class name="tests.PutPatchDeleteExamples">
        <test-method signature="testDelete()[pri:0, instance:tests.PutPatchDeleteExamples@4a7f959b]" started-at="2023-04-13T16:10:19 SAST" name="testDelete" finished-at="2023-04-13T16:10:23 SAST" duration-ms="3960" status="PASS">
          <reporter-output>
          </reporter-output>
        </test-method> <!-- testDelete -->
        <test-method signature="testPatch()[pri:0, instance:tests.PutPatchDeleteExamples@4a7f959b]" started-at="2023-04-13T16:10:23 SAST" name="testPatch" finished-at="2023-04-13T16:10:24 SAST" duration-ms="501" status="PASS">
          <reporter-output>
          </reporter-output>
        </test-method> <!-- testPatch -->
        <test-method signature="testPut()[pri:0, instance:tests.PutPatchDeleteExamples@4a7f959b]" started-at="2023-04-13T16:10:24 SAST" name="testPut" finished-at="2023-04-13T16:10:24 SAST" duration-ms="453" status="PASS">
          <reporter-output>
          </reporter-output>
        </test-method> <!-- testPut -->
      </class> <!-- tests.PutPatchDeleteExamples -->
    </test> <!-- Default test -->
  </suite> <!-- Default suite -->
</testng-results>
