<?xml version="1.0" encoding="UTF-8"?>
<!-- Generated by org.testng.reporters.JUnitXMLReporter -->
<testsuite ignored="0" hostname="CRF-013" failures="0" tests="3" name="Default test" time="5.005" errors="0" timestamp="2023-04-13T16:10:24 SAST">
  <testcase classname="tests.PutPatchDeleteExamples" name="testDelete" time="3.96"/>
  <testcase classname="tests.PutPatchDeleteExamples" name="testPatch" time="0.501"/>
  <testcase classname="tests.PutPatchDeleteExamples" name="testPut" time="0.453"/>
</testsuite> <!-- Default test -->
